{"email":"lennoxgithinji37@gmail.com","error":"ogger is not defined","level":"error","message":"Login error occurred","service":"sir-philip-service","stack":"ReferenceError: ogger is not defined\n    at Object.loginController (file:///C:/Users/YVONNE/Desktop/Sir%20Philip/Sir-Philip-s/src/controllers/login.controllers.js:47:5)","timestamp":"2025-02-17 16:32:23"}
{"email":"lennoxgithinji37@gmail.com","error":"ogger is not defined","level":"error","message":"Login error occurred","service":"sir-philip-service","stack":"ReferenceError: ogger is not defined\n    at Object.loginController (file:///C:/Users/YVONNE/Desktop/Sir%20Philip/Sir-Philip-s/src/controllers/login.controllers.js:47:5)","timestamp":"2025-02-17 16:32:25"}
{"email":"lennoxgithinji37@gmail.com","error":"ogger is not defined","level":"error","message":"Login error occurred","service":"sir-philip-service","stack":"ReferenceError: ogger is not defined\n    at Object.loginController (file:///C:/Users/YVONNE/Desktop/Sir%20Philip/Sir-Philip-s/src/controllers/login.controllers.js:47:5)","timestamp":"2025-02-17 16:32:59"}
{"email":"lennoxgithinji37@gmail.com","error":"ogger is not defined","level":"error","message":"Login error occurred","service":"sir-philip-service","stack":"ReferenceError: ogger is not defined\n    at Object.loginController (file:///C:/Users/YVONNE/Desktop/Sir%20Philip/Sir-Philip-s/src/controllers/login.controllers.js:47:5)","timestamp":"2025-02-17 16:34:48"}
{"email":"lennoxgithinji37@gmail.com","error":"ogger is not defined","level":"error","message":"Login error occurred","service":"sir-philip-service","stack":"ReferenceError: ogger is not defined\n    at Object.loginController (file:///C:/Users/YVONNE/Desktop/Sir%20Philip/Sir-Philip-s/src/controllers/login.controllers.js:47:5)","timestamp":"2025-02-17 16:36:55"}
{"email":"lennoxgithinji37@gmail.com","error":"ogger is not defined","level":"error","message":"Login error occurred","service":"sir-philip-service","stack":"ReferenceError: ogger is not defined\n    at Object.loginController (file:///C:/Users/YVONNE/Desktop/Sir%20Philip/Sir-Philip-s/src/controllers/login.controllers.js:47:5)","timestamp":"2025-02-17 16:36:57"}
{"level":"error","message":"Authentication failed: No Authorization was found in request.headers","service":"sir-philip-service","timestamp":"2025-02-17 17:42:49"}
{"level":"error","message":"Authentication failed: No Authorization was found in request.headers","service":"sir-philip-service","timestamp":"2025-02-17 18:10:48"}
{"level":"error","message":"Authentication failed: No Authorization was found in request.headers","service":"sir-philip-service","timestamp":"2025-02-17 18:22:44"}
{"level":"error","message":"Authentication failed: No Authorization was found in request.headers","service":"sir-philip-service","timestamp":"2025-02-17 18:22:46"}
{"level":"error","message":"Authentication failed: No Authorization was found in request.headers","service":"sir-philip-service","timestamp":"2025-02-17 18:22:52"}
{"level":"error","message":"Authentication failed: No Authorization was found in request.headers","service":"sir-philip-service","timestamp":"2025-02-17 18:31:20"}
{"level":"error","message":"Authentication failed: No Authorization was found in request.headers","service":"sir-philip-service","timestamp":"2025-02-17 18:32:32"}
{"level":"error","message":"Authentication failed: No Authorization was found in request.headers","service":"sir-philip-service","timestamp":"2025-02-17 18:32:35"}
{"level":"error","message":"Authentication failed: No Authorization was found in request.headers","service":"sir-philip-service","timestamp":"2025-02-17 18:36:36"}
{"level":"error","message":"Authentication failed: No Authorization was found in request.headers","service":"sir-philip-service","timestamp":"2025-02-17 18:36:38"}
{"level":"error","message":"Authentication failed: No Authorization was found in request.headers","service":"sir-philip-service","timestamp":"2025-02-17 18:37:29"}
{"level":"error","message":"Authentication failed: No Authorization was found in request.headers","service":"sir-philip-service","timestamp":"2025-02-17 18:54:19"}
{"level":"error","message":"Authentication failed: No Authorization was found in request.headers","service":"sir-philip-service","timestamp":"2025-02-17 18:54:21"}
{"level":"error","message":"Authentication failed: No Authorization was found in request.headers","service":"sir-philip-service","timestamp":"2025-02-17 18:56:51"}
{"level":"error","message":"Authentication failed: No Authorization was found in request.headers","service":"sir-philip-service","timestamp":"2025-02-17 19:01:32"}
{"level":"error","message":"Authentication failed: No Authorization was found in request.headers","service":"sir-philip-service","timestamp":"2025-02-17 19:01:33"}
{"level":"error","message":"Authentication failed: No Authorization was found in request.headers","service":"sir-philip-service","timestamp":"2025-02-17 19:02:00"}
{"level":"error","message":"Authentication failed: No Authorization was found in request.headers","service":"sir-philip-service","timestamp":"2025-02-17 19:02:39"}
{"level":"error","message":"Authentication failed: No Authorization was found in request.headers","service":"sir-philip-service","timestamp":"2025-02-17 19:02:40"}
{"level":"error","message":"Refresh token validation failed: next is not a function","service":"sir-philip-service","timestamp":"2025-02-18 00:25:08"}
{"level":"error","message":"Failed to create product: [\n  {\n    \"code\": \"invalid_type\",\n    \"expected\": \"array\",\n    \"received\": \"undefined\",\n    \"path\": [\n      \"images\"\n    ],\n    \"message\": \"Required\"\n  }\n]","service":"sir-philip-service","timestamp":"2025-02-18 08:45:37"}
{"level":"error","message":"Failed to create product: [\n  {\n    \"code\": \"invalid_type\",\n    \"expected\": \"object\",\n    \"received\": \"array\",\n    \"path\": [],\n    \"message\": \"Expected object, received array\"\n  }\n]","service":"sir-philip-service","timestamp":"2025-02-18 08:48:41"}
{"level":"error","message":"Failed to create product: PrismaClientKnownRequestError: \nInvalid `prisma.product.createMany()` invocation:\n\n\nForeign key constraint violated: `Product_categoryId_fkey (index)`","service":"sir-philip-service","timestamp":"2025-02-18 08:51:38"}
{"level":"error","message":"Failed to create product: PrismaClientKnownRequestError: \nInvalid `prisma.product.createMany()` invocation:\n\n\nForeign key constraint violated: `Product_categoryId_fkey (index)`","service":"sir-philip-service","timestamp":"2025-02-18 08:52:18"}
{"level":"error","message":"Authentication failed: No Authorization was found in request.headers","service":"sir-philip-service","timestamp":"2025-02-18 16:55:52"}
{"level":"error","message":"Authentication failed: No Authorization was found in request.headers","service":"sir-philip-service","timestamp":"2025-02-18 16:55:54"}
{"level":"error","message":"Authentication failed: No Authorization was found in request.headers","service":"sir-philip-service","timestamp":"2025-02-18 16:55:55"}
{"level":"error","message":"Authentication failed: No Authorization was found in request.headers","service":"sir-philip-service","timestamp":"2025-02-18 16:56:00"}
{"level":"error","message":"Authentication failed: No Authorization was found in request.headers","service":"sir-philip-service","timestamp":"2025-02-18 17:03:57"}
{"level":"error","message":"Authentication failed: No Authorization was found in request.headers","service":"sir-philip-service","timestamp":"2025-02-18 17:03:58"}
{"level":"error","message":"Authentication failed: No Authorization was found in request.headers","service":"sir-philip-service","timestamp":"2025-02-18 17:03:59"}
{"level":"error","message":"Authentication failed: No Authorization was found in request.headers","service":"sir-philip-service","timestamp":"2025-02-18 17:39:52"}
{"level":"error","message":"Authentication failed: No Authorization was found in request.headers","service":"sir-philip-service","timestamp":"2025-02-18 17:39:53"}
{"level":"error","message":"Authentication failed: No Authorization was found in request.headers","service":"sir-philip-service","timestamp":"2025-02-18 17:39:54"}
{"level":"error","message":"Authentication failed: No Authorization was found in request.headers","service":"sir-philip-service","timestamp":"2025-02-18 17:41:59"}
{"level":"error","message":"Authentication failed: No Authorization was found in request.headers","service":"sir-philip-service","timestamp":"2025-02-18 17:43:58"}
{"level":"error","message":"Authentication failed: No Authorization was found in request.headers","service":"sir-philip-service","timestamp":"2025-02-18 17:44:00"}
{"level":"error","message":"Authentication failed: No Authorization was found in request.headers","service":"sir-philip-service","timestamp":"2025-02-18 17:44:01"}
{"level":"error","message":"Authentication failed: No Authorization was found in request.headers","service":"sir-philip-service","timestamp":"2025-02-18 17:45:54"}
{"level":"error","message":"Authentication failed: No Authorization was found in request.headers","service":"sir-philip-service","timestamp":"2025-02-18 17:45:55"}
{"level":"error","message":"Authentication failed: No Authorization was found in request.headers","service":"sir-philip-service","timestamp":"2025-02-18 17:49:10"}
{"level":"error","message":"Authentication failed: No Authorization was found in request.headers","service":"sir-philip-service","timestamp":"2025-02-18 17:49:11"}
{"level":"error","message":"Authentication failed: No Authorization was found in request.headers","service":"sir-philip-service","timestamp":"2025-02-18 17:49:51"}
{"level":"error","message":"Authentication failed: No Authorization was found in request.headers","service":"sir-philip-service","timestamp":"2025-02-18 17:55:31"}
{"level":"error","message":"Authentication failed: No Authorization was found in request.headers","service":"sir-philip-service","timestamp":"2025-02-18 17:55:32"}
{"level":"error","message":"Authentication failed: No Authorization was found in request.headers","service":"sir-philip-service","timestamp":"2025-02-18 17:55:36"}
{"level":"error","message":"Authentication failed: No Authorization was found in request.headers","service":"sir-philip-service","timestamp":"2025-02-18 17:55:37"}
{"level":"error","message":"Authentication failed: No Authorization was found in request.headers","service":"sir-philip-service","timestamp":"2025-02-18 17:55:39"}
{"level":"error","message":"Authentication failed: No Authorization was found in request.headers","service":"sir-philip-service","timestamp":"2025-02-18 18:52:38"}
{"level":"error","message":"Authentication failed: No Authorization was found in request.headers","service":"sir-philip-service","timestamp":"2025-02-18 18:53:34"}
{"level":"error","message":"Authentication failed: No Authorization was found in request.headers","service":"sir-philip-service","timestamp":"2025-02-18 19:15:00"}
{"level":"error","message":"Authentication failed: No Authorization was found in request.headers","service":"sir-philip-service","timestamp":"2025-02-18 19:15:00"}
{"level":"error","message":"Authentication failed: No Authorization was found in request.headers","service":"sir-philip-service","timestamp":"2025-02-18 19:15:06"}
{"level":"error","message":"Authentication failed: No Authorization was found in request.headers","service":"sir-philip-service","timestamp":"2025-02-18 19:15:06"}
{"level":"error","message":"Authentication failed: No Authorization was found in request.headers","service":"sir-philip-service","timestamp":"2025-02-18 19:15:52"}
{"level":"error","message":"Authentication failed: No Authorization was found in request.headers","service":"sir-philip-service","timestamp":"2025-02-18 19:16:12"}
{"level":"error","message":"Authentication failed: No Authorization was found in request.headers","service":"sir-philip-service","timestamp":"2025-02-18 19:16:12"}
{"level":"error","message":"Authentication failed: No Authorization was found in request.headers","service":"sir-philip-service","timestamp":"2025-02-20 01:09:51"}
{"level":"error","message":"Authentication failed: No Authorization was found in request.headers","service":"sir-philip-service","timestamp":"2025-02-20 01:10:07"}
{"level":"error","message":"Refresh token validation failed: next is not a function","service":"sir-philip-service","timestamp":"2025-02-20 01:12:12"}
{"level":"error","message":"Authentication failed: No Authorization was found in request.headers","service":"sir-philip-service","timestamp":"2025-02-20 01:29:18"}
{"level":"error","message":"Authentication failed: No Authorization was found in request.headers","service":"sir-philip-service","timestamp":"2025-02-20 01:31:45"}
{"level":"error","message":"Authentication failed: No Authorization was found in request.headers","service":"sir-philip-service","timestamp":"2025-02-20 01:32:03"}
{"level":"error","message":"Authentication failed: No Authorization was found in request.headers","service":"sir-philip-service","timestamp":"2025-02-20 15:08:33"}
{"level":"error","message":"Authentication failed: No Authorization was found in request.headers","service":"sir-philip-service","timestamp":"2025-02-20 15:08:49"}
{"level":"error","message":"Authentication failed: No Authorization was found in request.headers","service":"sir-philip-service","timestamp":"2025-02-20 15:09:49"}
{"level":"error","message":"Authentication failed: No Authorization was found in request.headers","service":"sir-philip-service","timestamp":"2025-02-20 15:09:50"}
{"level":"error","message":"Authentication failed: No Authorization was found in request.headers","service":"sir-philip-service","timestamp":"2025-02-20 15:09:51"}
{"level":"error","message":"Authentication failed: No Authorization was found in request.headers","service":"sir-philip-service","timestamp":"2025-02-20 16:46:32"}
{"level":"error","message":"Authentication failed: No Authorization was found in request.headers","service":"sir-philip-service","timestamp":"2025-02-20 16:46:40"}
{"level":"error","message":"Authentication failed: No Authorization was found in request.headers","service":"sir-philip-service","timestamp":"2025-02-20 19:25:39"}
{"level":"error","message":"Authentication failed: No Authorization was found in request.headers","service":"sir-philip-service","timestamp":"2025-02-20 19:25:42"}
{"level":"error","message":"Refresh token validation failed: next is not a function","service":"sir-philip-service","timestamp":"2025-02-20 21:09:50"}
{"level":"error","message":"Refresh token validation failed: next is not a function","service":"sir-philip-service","timestamp":"2025-02-20 21:10:22"}
{"error":"\nInvalid `prisma.order.aggregate()` invocation:\n\n{\n  select: {\n    _sum: {\n      select: {\n        totalAmount: true\n      }\n    }\n  },\n  where: {\n    status: \"delivered\"\n            ~~~~~~~~~~~\n  }\n}\n\nInvalid value for argument `status`. Expected Status.","level":"error","message":"Error fetching dashboard metrics","service":"sir-philip-service","stack":"PrismaClientValidationError: \nInvalid `prisma.order.aggregate()` invocation:\n\n{\n  select: {\n    _sum: {\n      select: {\n        totalAmount: true\n      }\n    }\n  },\n  where: {\n    status: \"delivered\"\n            ~~~~~~~~~~~\n  }\n}\n\nInvalid value for argument `status`. Expected Status.\n    at wn (C:\\Users\\YVONNE\\Desktop\\Sir Philip\\Sir-Philip-s\\node_modules\\@prisma\\client\\runtime\\library.js:29:1363)\n    at Vn.handleRequestError (C:\\Users\\YVONNE\\Desktop\\Sir Philip\\Sir-Philip-s\\node_modules\\@prisma\\client\\runtime\\library.js:121:6982)\n    at Vn.handleAndLogRequestError (C:\\Users\\YVONNE\\Desktop\\Sir Philip\\Sir-Philip-s\\node_modules\\@prisma\\client\\runtime\\library.js:121:6663)\n    at Vn.request (C:\\Users\\YVONNE\\Desktop\\Sir Philip\\Sir-Philip-s\\node_modules\\@prisma\\client\\runtime\\library.js:121:6370)\n    at async l (C:\\Users\\YVONNE\\Desktop\\Sir Philip\\Sir-Philip-s\\node_modules\\@prisma\\client\\runtime\\library.js:130:9617)\n    at async Object.getDashboardMetrics (file:///C:/Users/YVONNE/Desktop/Sir%20Philip/Sir-Philip-s/src/controllers/dashboard.controllers.js:17:28)","timestamp":"2025-02-20 21:22:50"}
{"error":"\nInvalid `prisma.order.aggregate()` invocation:\n\n{\n  select: {\n    _sum: {\n      select: {\n        totalAmount: true\n      }\n    }\n  },\n  where: {\n    status: \"delivered\"\n            ~~~~~~~~~~~\n  }\n}\n\nInvalid value for argument `status`. Expected Status.","level":"error","message":"Error fetching dashboard metrics","service":"sir-philip-service","stack":"PrismaClientValidationError: \nInvalid `prisma.order.aggregate()` invocation:\n\n{\n  select: {\n    _sum: {\n      select: {\n        totalAmount: true\n      }\n    }\n  },\n  where: {\n    status: \"delivered\"\n            ~~~~~~~~~~~\n  }\n}\n\nInvalid value for argument `status`. Expected Status.\n    at wn (C:\\Users\\YVONNE\\Desktop\\Sir Philip\\Sir-Philip-s\\node_modules\\@prisma\\client\\runtime\\library.js:29:1363)\n    at Vn.handleRequestError (C:\\Users\\YVONNE\\Desktop\\Sir Philip\\Sir-Philip-s\\node_modules\\@prisma\\client\\runtime\\library.js:121:6982)\n    at Vn.handleAndLogRequestError (C:\\Users\\YVONNE\\Desktop\\Sir Philip\\Sir-Philip-s\\node_modules\\@prisma\\client\\runtime\\library.js:121:6663)\n    at Vn.request (C:\\Users\\YVONNE\\Desktop\\Sir Philip\\Sir-Philip-s\\node_modules\\@prisma\\client\\runtime\\library.js:121:6370)\n    at async l (C:\\Users\\YVONNE\\Desktop\\Sir Philip\\Sir-Philip-s\\node_modules\\@prisma\\client\\runtime\\library.js:130:9617)\n    at async Object.getDashboardMetrics (file:///C:/Users/YVONNE/Desktop/Sir%20Philip/Sir-Philip-s/src/controllers/dashboard.controllers.js:17:28)","timestamp":"2025-02-20 21:22:50"}
{"error":"\nInvalid `prisma.order.aggregate()` invocation:\n\n{\n  select: {\n    _sum: {\n      select: {\n        totalAmount: true\n      }\n    }\n  },\n  where: {\n    status: \"delivered\"\n            ~~~~~~~~~~~\n  }\n}\n\nInvalid value for argument `status`. Expected Status.","level":"error","message":"Error fetching dashboard metrics","service":"sir-philip-service","stack":"PrismaClientValidationError: \nInvalid `prisma.order.aggregate()` invocation:\n\n{\n  select: {\n    _sum: {\n      select: {\n        totalAmount: true\n      }\n    }\n  },\n  where: {\n    status: \"delivered\"\n            ~~~~~~~~~~~\n  }\n}\n\nInvalid value for argument `status`. Expected Status.\n    at wn (C:\\Users\\YVONNE\\Desktop\\Sir Philip\\Sir-Philip-s\\node_modules\\@prisma\\client\\runtime\\library.js:29:1363)\n    at Vn.handleRequestError (C:\\Users\\YVONNE\\Desktop\\Sir Philip\\Sir-Philip-s\\node_modules\\@prisma\\client\\runtime\\library.js:121:6982)\n    at Vn.handleAndLogRequestError (C:\\Users\\YVONNE\\Desktop\\Sir Philip\\Sir-Philip-s\\node_modules\\@prisma\\client\\runtime\\library.js:121:6663)\n    at Vn.request (C:\\Users\\YVONNE\\Desktop\\Sir Philip\\Sir-Philip-s\\node_modules\\@prisma\\client\\runtime\\library.js:121:6370)\n    at async l (C:\\Users\\YVONNE\\Desktop\\Sir Philip\\Sir-Philip-s\\node_modules\\@prisma\\client\\runtime\\library.js:130:9617)\n    at async Object.getDashboardMetrics (file:///C:/Users/YVONNE/Desktop/Sir%20Philip/Sir-Philip-s/src/controllers/dashboard.controllers.js:17:28)","timestamp":"2025-02-20 21:22:57"}
{"error":"\nInvalid `prisma.order.aggregate()` invocation:\n\n{\n  select: {\n    _sum: {\n      select: {\n        totalAmount: true\n      }\n    }\n  },\n  where: {\n    status: \"delivered\"\n            ~~~~~~~~~~~\n  }\n}\n\nInvalid value for argument `status`. Expected Status.","level":"error","message":"Error fetching dashboard metrics","service":"sir-philip-service","stack":"PrismaClientValidationError: \nInvalid `prisma.order.aggregate()` invocation:\n\n{\n  select: {\n    _sum: {\n      select: {\n        totalAmount: true\n      }\n    }\n  },\n  where: {\n    status: \"delivered\"\n            ~~~~~~~~~~~\n  }\n}\n\nInvalid value for argument `status`. Expected Status.\n    at wn (C:\\Users\\YVONNE\\Desktop\\Sir Philip\\Sir-Philip-s\\node_modules\\@prisma\\client\\runtime\\library.js:29:1363)\n    at Vn.handleRequestError (C:\\Users\\YVONNE\\Desktop\\Sir Philip\\Sir-Philip-s\\node_modules\\@prisma\\client\\runtime\\library.js:121:6982)\n    at Vn.handleAndLogRequestError (C:\\Users\\YVONNE\\Desktop\\Sir Philip\\Sir-Philip-s\\node_modules\\@prisma\\client\\runtime\\library.js:121:6663)\n    at Vn.request (C:\\Users\\YVONNE\\Desktop\\Sir Philip\\Sir-Philip-s\\node_modules\\@prisma\\client\\runtime\\library.js:121:6370)\n    at async l (C:\\Users\\YVONNE\\Desktop\\Sir Philip\\Sir-Philip-s\\node_modules\\@prisma\\client\\runtime\\library.js:130:9617)\n    at async Object.getDashboardMetrics (file:///C:/Users/YVONNE/Desktop/Sir%20Philip/Sir-Philip-s/src/controllers/dashboard.controllers.js:17:28)","timestamp":"2025-02-20 21:22:57"}
{"error":"\nInvalid `prisma.order.aggregate()` invocation:\n\n{\n  select: {\n    _sum: {\n      select: {\n        totalAmount: true\n      }\n    }\n  },\n  where: {\n    status: \"delivered\"\n            ~~~~~~~~~~~\n  }\n}\n\nInvalid value for argument `status`. Expected Status.","level":"error","message":"Error fetching dashboard metrics","service":"sir-philip-service","stack":"PrismaClientValidationError: \nInvalid `prisma.order.aggregate()` invocation:\n\n{\n  select: {\n    _sum: {\n      select: {\n        totalAmount: true\n      }\n    }\n  },\n  where: {\n    status: \"delivered\"\n            ~~~~~~~~~~~\n  }\n}\n\nInvalid value for argument `status`. Expected Status.\n    at wn (C:\\Users\\YVONNE\\Desktop\\Sir Philip\\Sir-Philip-s\\node_modules\\@prisma\\client\\runtime\\library.js:29:1363)\n    at Vn.handleRequestError (C:\\Users\\YVONNE\\Desktop\\Sir Philip\\Sir-Philip-s\\node_modules\\@prisma\\client\\runtime\\library.js:121:6982)\n    at Vn.handleAndLogRequestError (C:\\Users\\YVONNE\\Desktop\\Sir Philip\\Sir-Philip-s\\node_modules\\@prisma\\client\\runtime\\library.js:121:6663)\n    at Vn.request (C:\\Users\\YVONNE\\Desktop\\Sir Philip\\Sir-Philip-s\\node_modules\\@prisma\\client\\runtime\\library.js:121:6370)\n    at async l (C:\\Users\\YVONNE\\Desktop\\Sir Philip\\Sir-Philip-s\\node_modules\\@prisma\\client\\runtime\\library.js:130:9617)\n    at async Object.getDashboardMetrics (file:///C:/Users/YVONNE/Desktop/Sir%20Philip/Sir-Philip-s/src/controllers/dashboard.controllers.js:17:28)","timestamp":"2025-02-20 21:27:52"}
{"error":"\nInvalid `prisma.order.aggregate()` invocation:\n\n{\n  select: {\n    _sum: {\n      select: {\n        totalAmount: true\n      }\n    }\n  },\n  where: {\n    status: \"delivered\"\n            ~~~~~~~~~~~\n  }\n}\n\nInvalid value for argument `status`. Expected Status.","level":"error","message":"Error fetching dashboard metrics","service":"sir-philip-service","stack":"PrismaClientValidationError: \nInvalid `prisma.order.aggregate()` invocation:\n\n{\n  select: {\n    _sum: {\n      select: {\n        totalAmount: true\n      }\n    }\n  },\n  where: {\n    status: \"delivered\"\n            ~~~~~~~~~~~\n  }\n}\n\nInvalid value for argument `status`. Expected Status.\n    at wn (C:\\Users\\YVONNE\\Desktop\\Sir Philip\\Sir-Philip-s\\node_modules\\@prisma\\client\\runtime\\library.js:29:1363)\n    at Vn.handleRequestError (C:\\Users\\YVONNE\\Desktop\\Sir Philip\\Sir-Philip-s\\node_modules\\@prisma\\client\\runtime\\library.js:121:6982)\n    at Vn.handleAndLogRequestError (C:\\Users\\YVONNE\\Desktop\\Sir Philip\\Sir-Philip-s\\node_modules\\@prisma\\client\\runtime\\library.js:121:6663)\n    at Vn.request (C:\\Users\\YVONNE\\Desktop\\Sir Philip\\Sir-Philip-s\\node_modules\\@prisma\\client\\runtime\\library.js:121:6370)\n    at async l (C:\\Users\\YVONNE\\Desktop\\Sir Philip\\Sir-Philip-s\\node_modules\\@prisma\\client\\runtime\\library.js:130:9617)\n    at async Object.getDashboardMetrics (file:///C:/Users/YVONNE/Desktop/Sir%20Philip/Sir-Philip-s/src/controllers/dashboard.controllers.js:17:28)","timestamp":"2025-02-20 21:27:53"}
{"error":"\nInvalid `prisma.order.aggregate()` invocation:\n\n{\n  select: {\n    _sum: {\n      select: {\n        totalAmount: true\n      }\n    }\n  },\n  where: {\n    status: \"delivered\"\n            ~~~~~~~~~~~\n  }\n}\n\nInvalid value for argument `status`. Expected Status.","level":"error","message":"Error fetching dashboard metrics","service":"sir-philip-service","stack":"PrismaClientValidationError: \nInvalid `prisma.order.aggregate()` invocation:\n\n{\n  select: {\n    _sum: {\n      select: {\n        totalAmount: true\n      }\n    }\n  },\n  where: {\n    status: \"delivered\"\n            ~~~~~~~~~~~\n  }\n}\n\nInvalid value for argument `status`. Expected Status.\n    at wn (C:\\Users\\YVONNE\\Desktop\\Sir Philip\\Sir-Philip-s\\node_modules\\@prisma\\client\\runtime\\library.js:29:1363)\n    at Vn.handleRequestError (C:\\Users\\YVONNE\\Desktop\\Sir Philip\\Sir-Philip-s\\node_modules\\@prisma\\client\\runtime\\library.js:121:6982)\n    at Vn.handleAndLogRequestError (C:\\Users\\YVONNE\\Desktop\\Sir Philip\\Sir-Philip-s\\node_modules\\@prisma\\client\\runtime\\library.js:121:6663)\n    at Vn.request (C:\\Users\\YVONNE\\Desktop\\Sir Philip\\Sir-Philip-s\\node_modules\\@prisma\\client\\runtime\\library.js:121:6370)\n    at async l (C:\\Users\\YVONNE\\Desktop\\Sir Philip\\Sir-Philip-s\\node_modules\\@prisma\\client\\runtime\\library.js:130:9617)\n    at async Object.getDashboardMetrics (file:///C:/Users/YVONNE/Desktop/Sir%20Philip/Sir-Philip-s/src/controllers/dashboard.controllers.js:17:28)","timestamp":"2025-02-20 22:44:49"}
{"level":"error","message":"Refresh token validation failed: next is not a function","service":"sir-philip-service","timestamp":"2025-02-20 23:37:49"}
{"error":"\nInvalid `prisma.delivery.create()` invocation:\n\n{\n  data: {\n    trackNumber: \"tx-244937-sip\",\n    address: \"Murang'a\",\n    city: \"Murang'a\",\n    orderId: \"1e75e3ea-500f-4e06-8647-cdebf0402e10\",\n    deliveryStatus: \"pending\",\n    deliveryMethod: \"standard\",\n    deliveryDate: new Date(\"2025-02-24T14:26:14.078Z\"),\n+   trackingNumber: String\n  }\n}\n\nArgument `trackingNumber` is missing.","level":"error","message":"Failed to create delivery","service":"sir-philip-service","stack":"PrismaClientValidationError: \nInvalid `prisma.delivery.create()` invocation:\n\n{\n  data: {\n    trackNumber: \"tx-244937-sip\",\n    address: \"Murang'a\",\n    city: \"Murang'a\",\n    orderId: \"1e75e3ea-500f-4e06-8647-cdebf0402e10\",\n    deliveryStatus: \"pending\",\n    deliveryMethod: \"standard\",\n    deliveryDate: new Date(\"2025-02-24T14:26:14.078Z\"),\n+   trackingNumber: String\n  }\n}\n\nArgument `trackingNumber` is missing.\n    at wn (C:\\Users\\YVONNE\\Desktop\\Sir Philip\\Sir-Philip-s\\node_modules\\@prisma\\client\\runtime\\library.js:29:1363)\n    at Vn.handleRequestError (C:\\Users\\YVONNE\\Desktop\\Sir Philip\\Sir-Philip-s\\node_modules\\@prisma\\client\\runtime\\library.js:121:6982)\n    at Vn.handleAndLogRequestError (C:\\Users\\YVONNE\\Desktop\\Sir Philip\\Sir-Philip-s\\node_modules\\@prisma\\client\\runtime\\library.js:121:6663)\n    at Vn.request (C:\\Users\\YVONNE\\Desktop\\Sir Philip\\Sir-Philip-s\\node_modules\\@prisma\\client\\runtime\\library.js:121:6370)\n    at async l (C:\\Users\\YVONNE\\Desktop\\Sir Philip\\Sir-Philip-s\\node_modules\\@prisma\\client\\runtime\\library.js:130:9617)\n    at async Object.createDelivery (file:///C:/Users/YVONNE/Desktop/Sir%20Philip/Sir-Philip-s/src/controllers/delivery.controllers.js:20:22)","timestamp":"2025-02-21 17:26:14"}
{"error":"\nInvalid `prisma.delivery.create()` invocation:\n\n{\n  data: {\n    trackNumber: \"tx-294408-sip\",\n    address: \"Murang'a\",\n    city: \"Murang'a\",\n    orderId: \"1e75e3ea-500f-4e06-8647-cdebf0402e10\",\n    deliveryStatus: \"pending\",\n    deliveryMethod: \"standard\",\n    deliveryDate: new Date(\"2025-02-24T14:26:38.658Z\"),\n+   trackingNumber: String\n  }\n}\n\nArgument `trackingNumber` is missing.","level":"error","message":"Failed to create delivery","service":"sir-philip-service","stack":"PrismaClientValidationError: \nInvalid `prisma.delivery.create()` invocation:\n\n{\n  data: {\n    trackNumber: \"tx-294408-sip\",\n    address: \"Murang'a\",\n    city: \"Murang'a\",\n    orderId: \"1e75e3ea-500f-4e06-8647-cdebf0402e10\",\n    deliveryStatus: \"pending\",\n    deliveryMethod: \"standard\",\n    deliveryDate: new Date(\"2025-02-24T14:26:38.658Z\"),\n+   trackingNumber: String\n  }\n}\n\nArgument `trackingNumber` is missing.\n    at wn (C:\\Users\\YVONNE\\Desktop\\Sir Philip\\Sir-Philip-s\\node_modules\\@prisma\\client\\runtime\\library.js:29:1363)\n    at Vn.handleRequestError (C:\\Users\\YVONNE\\Desktop\\Sir Philip\\Sir-Philip-s\\node_modules\\@prisma\\client\\runtime\\library.js:121:6982)\n    at Vn.handleAndLogRequestError (C:\\Users\\YVONNE\\Desktop\\Sir Philip\\Sir-Philip-s\\node_modules\\@prisma\\client\\runtime\\library.js:121:6663)\n    at Vn.request (C:\\Users\\YVONNE\\Desktop\\Sir Philip\\Sir-Philip-s\\node_modules\\@prisma\\client\\runtime\\library.js:121:6370)\n    at async l (C:\\Users\\YVONNE\\Desktop\\Sir Philip\\Sir-Philip-s\\node_modules\\@prisma\\client\\runtime\\library.js:130:9617)\n    at async Object.createDelivery (file:///C:/Users/YVONNE/Desktop/Sir%20Philip/Sir-Philip-s/src/controllers/delivery.controllers.js:20:22)","timestamp":"2025-02-21 17:26:38"}
{"error":"trackNumber is not defined","level":"error","message":"Failed to create delivery","service":"sir-philip-service","stack":"ReferenceError: trackNumber is not defined\n    at Object.createDelivery (file:///C:/Users/YVONNE/Desktop/Sir%20Philip/Sir-Philip-s/src/controllers/delivery.controllers.js:29:77)","timestamp":"2025-02-21 17:28:19"}
{"error":"trackNumber is not defined","level":"error","message":"Failed to create delivery","service":"sir-philip-service","stack":"ReferenceError: trackNumber is not defined\n    at Object.createDelivery (file:///C:/Users/YVONNE/Desktop/Sir%20Philip/Sir-Philip-s/src/controllers/delivery.controllers.js:21:9)\n    at preHandlerCallbackInner (C:\\Users\\YVONNE\\Desktop\\Sir Philip\\Sir-Philip-s\\node_modules\\fastify\\lib\\handleRequest.js:161:24)\n    at preHandlerCallback (C:\\Users\\YVONNE\\Desktop\\Sir Philip\\Sir-Philip-s\\node_modules\\fastify\\lib\\handleRequest.js:129:5)\n    at next (C:\\Users\\YVONNE\\Desktop\\Sir Philip\\Sir-Philip-s\\node_modules\\fastify\\lib\\hooks.js:236:9)\n    at handleResolve (C:\\Users\\YVONNE\\Desktop\\Sir Philip\\Sir-Philip-s\\node_modules\\fastify\\lib\\hooks.js:253:7)\n    at process.processTicksAndRejections (node:internal/process/task_queues:105:5)","timestamp":"2025-02-21 17:30:23"}
{"error":"trackNumber is not defined","level":"error","message":"Failed to create delivery","service":"sir-philip-service","stack":"ReferenceError: trackNumber is not defined\n    at Object.createDelivery (file:///C:/Users/YVONNE/Desktop/Sir%20Philip/Sir-Philip-s/src/controllers/delivery.controllers.js:21:9)\n    at preHandlerCallbackInner (C:\\Users\\YVONNE\\Desktop\\Sir Philip\\Sir-Philip-s\\node_modules\\fastify\\lib\\handleRequest.js:161:24)\n    at preHandlerCallback (C:\\Users\\YVONNE\\Desktop\\Sir Philip\\Sir-Philip-s\\node_modules\\fastify\\lib\\handleRequest.js:129:5)\n    at next (C:\\Users\\YVONNE\\Desktop\\Sir Philip\\Sir-Philip-s\\node_modules\\fastify\\lib\\hooks.js:236:9)\n    at handleResolve (C:\\Users\\YVONNE\\Desktop\\Sir Philip\\Sir-Philip-s\\node_modules\\fastify\\lib\\hooks.js:253:7)\n    at process.processTicksAndRejections (node:internal/process/task_queues:105:5)","timestamp":"2025-02-21 17:30:27"}
{"error":"trackNumber is not defined","level":"error","message":"Failed to create delivery","service":"sir-philip-service","stack":"ReferenceError: trackNumber is not defined\n    at Object.createDelivery (file:///C:/Users/YVONNE/Desktop/Sir%20Philip/Sir-Philip-s/src/controllers/delivery.controllers.js:21:9)\n    at preHandlerCallbackInner (C:\\Users\\YVONNE\\Desktop\\Sir Philip\\Sir-Philip-s\\node_modules\\fastify\\lib\\handleRequest.js:161:24)\n    at preHandlerCallback (C:\\Users\\YVONNE\\Desktop\\Sir Philip\\Sir-Philip-s\\node_modules\\fastify\\lib\\handleRequest.js:129:5)\n    at next (C:\\Users\\YVONNE\\Desktop\\Sir Philip\\Sir-Philip-s\\node_modules\\fastify\\lib\\hooks.js:236:9)\n    at handleResolve (C:\\Users\\YVONNE\\Desktop\\Sir Philip\\Sir-Philip-s\\node_modules\\fastify\\lib\\hooks.js:253:7)\n    at process.processTicksAndRejections (node:internal/process/task_queues:105:5)","timestamp":"2025-02-21 17:31:01"}
{"error":"trackNumber is not defined","level":"error","message":"Failed to create delivery","service":"sir-philip-service","stack":"ReferenceError: trackNumber is not defined\n    at Object.createDelivery (file:///C:/Users/YVONNE/Desktop/Sir%20Philip/Sir-Philip-s/src/controllers/delivery.controllers.js:29:77)","timestamp":"2025-02-21 17:31:52"}
{"error":"trackNumber is not defined","level":"error","message":"Failed to create delivery","service":"sir-philip-service","stack":"ReferenceError: trackNumber is not defined\n    at Object.createDelivery (file:///C:/Users/YVONNE/Desktop/Sir%20Philip/Sir-Philip-s/src/controllers/delivery.controllers.js:29:77)","timestamp":"2025-02-21 17:31:54"}
{"level":"error","message":"Authentication failed: No Authorization was found in request.headers","service":"sir-philip-service","timestamp":"2025-02-22 19:23:43"}
{"level":"error","message":"Authentication failed: No Authorization was found in request.headers","service":"sir-philip-service","timestamp":"2025-02-22 19:26:35"}
{"level":"error","message":"Authentication failed: No Authorization was found in request.headers","service":"sir-philip-service","timestamp":"2025-02-22 19:33:58"}
{"level":"error","message":"Authentication failed: No Authorization was found in request.headers","service":"sir-philip-service","timestamp":"2025-02-22 19:36:04"}
{"level":"error","message":"Authentication failed: No Authorization was found in request.headers","service":"sir-philip-service","timestamp":"2025-02-22 19:36:17"}
{"error":"Cannot read properties of null (reading 'userId')","level":"error","message":"Failed to create order","service":"sir-philip-service","timestamp":"2025-02-22 20:18:44"}
{"error":"Cannot read properties of null (reading 'userId')","level":"error","message":"Failed to create order","service":"sir-philip-service","timestamp":"2025-02-22 20:20:24"}
{"level":"error","message":"Authentication failed: No Authorization was found in request.headers","service":"sir-philip-service","timestamp":"2025-02-22 20:21:27"}
{"level":"error","message":"Authentication failed: No Authorization was found in request.headers","service":"sir-philip-service","timestamp":"2025-02-22 20:21:29"}
{"level":"error","message":"Authentication failed: No Authorization was found in request.headers","service":"sir-philip-service","timestamp":"2025-02-22 20:22:26"}
{"level":"error","message":"Authentication failed: No Authorization was found in request.headers","service":"sir-philip-service","timestamp":"2025-02-22 20:31:16"}
{"level":"error","message":"Authentication failed: No Authorization was found in request.headers","service":"sir-philip-service","timestamp":"2025-02-22 20:38:08"}
{"level":"error","message":"Authentication failed: No Authorization was found in request.headers","service":"sir-philip-service","timestamp":"2025-02-22 20:38:22"}
{"level":"error","message":"Authentication failed: No Authorization was found in request.headers","service":"sir-philip-service","timestamp":"2025-02-22 20:38:34"}
{"level":"error","message":"Authentication failed: No Authorization was found in request.headers","service":"sir-philip-service","timestamp":"2025-02-22 20:42:28"}
{"level":"error","message":"Authentication failed: Authorization token is invalid: The token is malformed.","service":"sir-philip-service","timestamp":"2025-02-22 20:42:28"}
{"level":"error","message":"Authentication failed: No Authorization was found in request.headers","service":"sir-philip-service","timestamp":"2025-02-22 20:42:34"}
{"level":"error","message":"Authentication failed: Authorization token is invalid: The token is malformed.","service":"sir-philip-service","timestamp":"2025-02-22 20:42:34"}
{"level":"error","message":"Authentication failed: No Authorization was found in request.headers","service":"sir-philip-service","timestamp":"2025-02-22 20:46:16"}
{"level":"error","message":"Authentication failed: Authorization token is invalid: The token is malformed.","service":"sir-philip-service","timestamp":"2025-02-22 20:46:16"}
{"level":"error","message":"Authentication failed: No Authorization was found in request.headers","service":"sir-philip-service","timestamp":"2025-02-22 20:46:22"}
{"level":"error","message":"Authentication failed: Authorization token is invalid: The token is malformed.","service":"sir-philip-service","timestamp":"2025-02-22 20:46:22"}
{"level":"error","message":"Authentication failed: No Authorization was found in request.headers","service":"sir-philip-service","timestamp":"2025-02-22 21:10:50"}
{"level":"error","message":"Authentication failed: Authorization token is invalid: The token is malformed.","service":"sir-philip-service","timestamp":"2025-02-22 21:10:50"}
{"level":"error","message":"Authentication failed: No Authorization was found in request.headers","service":"sir-philip-service","timestamp":"2025-02-22 21:22:27"}
{"level":"error","message":"Authentication failed: Authorization token is invalid: The token is malformed.","service":"sir-philip-service","timestamp":"2025-02-22 21:22:27"}
{"level":"error","message":"Authentication failed: Authorization token is invalid: The token is malformed.","service":"sir-philip-service","timestamp":"2025-02-23 00:28:44"}
{"level":"error","message":"Authentication failed: Format is Authorization: Bearer [token]","service":"sir-philip-service","timestamp":"2025-02-24 15:45:52"}
{"level":"error","message":"Authentication failed: Format is Authorization: Bearer [token]","service":"sir-philip-service","timestamp":"2025-02-24 15:45:52"}
{"level":"error","message":"Authentication failed: Format is Authorization: Bearer [token]","service":"sir-philip-service","timestamp":"2025-02-24 15:45:58"}
{"level":"error","message":"Authentication failed: Format is Authorization: Bearer [token]","service":"sir-philip-service","timestamp":"2025-02-24 15:45:58"}
{"level":"error","message":"Authentication failed: Format is Authorization: Bearer [token]","service":"sir-philip-service","timestamp":"2025-02-24 15:46:05"}
{"level":"error","message":"Authentication failed: Format is Authorization: Bearer [token]","service":"sir-philip-service","timestamp":"2025-02-24 15:46:05"}
{"level":"error","message":"Authentication failed: Format is Authorization: Bearer [token]","service":"sir-philip-service","timestamp":"2025-02-24 15:46:05"}
{"level":"error","message":"Authentication failed: Format is Authorization: Bearer [token]","service":"sir-philip-service","timestamp":"2025-02-24 15:46:05"}
{"level":"error","message":"Authentication failed: Format is Authorization: Bearer [token]","service":"sir-philip-service","timestamp":"2025-02-24 15:48:09"}
{"level":"error","message":"Authentication failed: Format is Authorization: Bearer [token]","service":"sir-philip-service","timestamp":"2025-02-24 15:48:09"}
{"level":"error","message":"Authentication failed: Format is Authorization: Bearer [token]","service":"sir-philip-service","timestamp":"2025-02-24 15:48:10"}
{"level":"error","message":"Authentication failed: Format is Authorization: Bearer [token]","service":"sir-philip-service","timestamp":"2025-02-24 15:48:10"}
{"level":"error","message":"Authentication failed: Format is Authorization: Bearer [token]","service":"sir-philip-service","timestamp":"2025-02-24 15:48:14"}
{"level":"error","message":"Authentication failed: Format is Authorization: Bearer [token]","service":"sir-philip-service","timestamp":"2025-02-24 15:48:14"}
{"level":"error","message":"Authentication failed: Format is Authorization: Bearer [token]","service":"sir-philip-service","timestamp":"2025-02-24 15:48:14"}
{"level":"error","message":"Authentication failed: Format is Authorization: Bearer [token]","service":"sir-philip-service","timestamp":"2025-02-24 15:48:14"}
